#
# A fatal error has been detected by the Java Runtime Environment:
#
#  EXCEPTION_ACCESS_VIOLATION (0xc0000005) at pc=0x0000000060e0a79b, pid=14412, tid=0x0000000000004890
#
# JRE version: Java(TM) SE Runtime Environment (8.0_201-b09) (build 1.8.0_201-b09)
# Java VM: Java HotSpot(TM) 64-Bit Server VM (25.201-b09 mixed mode windows-amd64 compressed oops)
# Problematic frame:
# V  [jvm.dll+0x14a79b]
#
# Failed to write core dump. Minidumps are not enabled by default on client versions of Windows
#
# If you would like to submit a bug report, please visit:
#   http://bugreport.java.com/bugreport/crash.jsp
#

---------------  T H R E A D  ---------------

Current thread (0x000000001b9c2000):  JavaThread "http-nio-8080-exec-1" daemon [_thread_in_vm, id=18576, stack(0x000000001d000000,0x000000001d100000)]

siginfo: ExceptionCode=0xc0000005, reading address 0x0000000000000000

Registers:
RAX=0x000000001baf95b8, RBX=0x00000001004b87a8, RCX=0x0000000000000002, RDX=0x000000001baf95b0
RSP=0x000000001d0fb2c0, RBP=0x0000000000000006, RSI=0x000000001b9c21f8, RDI=0x000000001b9c2000
R8 =0x0000000000000004, R9 =0x0000000000000000, R10=0x00000000000001b5, R11=0x000000001bae47d8
R12=0x0000000000000000, R13=0x000000001d0fb3c8, R14=0x000000001d0fb538, R15=0x000000001b9c2000
RIP=0x0000000060e0a79b, EFLAGS=0x0000000000010202

Top of Stack: (sp=0x000000001d0fb2c0)
0x000000001d0fb2c0:   000000001b9c21f8 00000001004b87a8
0x000000001d0fb2d0:   0000000000000006 000000001b9c2000
0x000000001d0fb2e0:   0000000000000001 00000001004b87a8
0x000000001d0fb2f0:   0000000002bb45d0 0000000060ed8535
0x000000001d0fb300:   0000000002bb45d0 00007fff25befff0
0x000000001d0fb310:   000000001b9c2000 0000000000000000
0x000000001d0fb320:   000000001927dbd8 0000000060ed7aac
0x000000001d0fb330:   000000001baf95b0 0000000002bb45d0
0x000000001d0fb340:   000000001baf95b0 0000000000000001
0x000000001d0fb350:   000000001b9c2000 0000000060dfed72
0x000000001d0fb360:   000000001dba9198 0000000000000005
0x000000001d0fb370:   000000001baf95b0 00007fff25b59e04
0x000000001d0fb380:   0000000000000006 000000001b9c21f8
0x000000001d0fb390:   0000000000000005 000000001dba9198
0x000000001d0fb3a0:   000000001baf95b0 00007fff25b5cb44
0x000000001d0fb3b0:   000000001b9c21f8 0000000000000006 

Instructions: (pc=0x0000000060e0a79b)
0x0000000060e0a77b:   cf e8 6f 05 0e 00 33 c0 e9 dd 01 00 00 48 8b d0
0x0000000060e0a78b:   48 8b ce 48 89 ac 24 c0 00 00 00 e8 75 d2 0c 00
0x0000000060e0a79b:   49 8b 0c 24 c7 44 24 40 0e 00 00 00 48 8b 51 08
0x0000000060e0a7ab:   48 8b e8 0f b7 4a 24 48 8b 52 08 48 8b 54 ca 50 


Register to memory mapping:

RAX=0x000000001baf95b8 is an unknown value
RBX=0x00000001004b87a8 is pointing into metadata
RCX=0x0000000000000002 is an unknown value
RDX=0x000000001baf95b0 is an unknown value
RSP=0x000000001d0fb2c0 is pointing into the stack for thread: 0x000000001b9c2000
RBP=0x0000000000000006 is an unknown value
RSI=0x000000001b9c21f8 is an unknown value
RDI=0x000000001b9c2000 is a thread
R8 =0x0000000000000004 is an unknown value
R9 =0x0000000000000000 is an unknown value
R10=0x00000000000001b5 is an unknown value
R11=0x000000001bae47d8 is an unknown value
R12=0x0000000000000000 is an unknown value
R13=0x000000001d0fb3c8 is pointing into the stack for thread: 0x000000001b9c2000
R14=0x000000001d0fb538 is pointing into the stack for thread: 0x000000001b9c2000
R15=0x000000001b9c2000 is a thread


Stack: [0x000000001d000000,0x000000001d100000],  sp=0x000000001d0fb2c0,  free space=1004k
Native frames: (J=compiled Java code, j=interpreted, Vv=VM code, C=native code)
V  [jvm.dll+0x14a79b]
C  [awt.dll+0x69e04]
C  [awt.dll+0x6cb44]
C  [awt.dll+0x6cc02]
C  0x0000000002de8c67

Java frames: (J=compiled Java code, j=interpreted, Vv=VM code)
j  sun.awt.windows.ThemeReader.getThemeMargins(JIII)Ljava/awt/Insets;+0
j  sun.awt.windows.ThemeReader.getThemeMargins(Ljava/lang/String;III)Ljava/awt/Insets;+18
j  com.sun.java.swing.plaf.windows.XPStyle.getMargin(Ljava/awt/Component;Lcom/sun/java/swing/plaf/windows/TMSchema$Part;Lcom/sun/java/swing/plaf/windows/TMSchema$State;Lcom/sun/java/swing/plaf/windows/TMSchema$Prop;)Ljava/awt/Insets;+19
j  com.sun.java.swing.plaf.windows.XPStyle.getBorder(Ljava/awt/Component;Lcom/sun/java/swing/plaf/windows/TMSchema$Part;)Ljavax/swing/border/Border;+169
j  com.sun.java.swing.plaf.windows.WindowsLookAndFeel$XPBorderValue.getXPValue(Ljavax/swing/UIDefaults;)Ljava/lang/Object;+17
j  com.sun.java.swing.plaf.windows.WindowsLookAndFeel$XPValue.createValue(Ljavax/swing/UIDefaults;)Ljava/lang/Object;+10
J 3246 C1 javax.swing.UIDefaults.getFromHashtable(Ljava/lang/Object;)Ljava/lang/Object; (239 bytes) @ 0x00000000034829f4 [0x00000000034822c0+0x734]
J 3253 C1 javax.swing.UIDefaults.get(Ljava/lang/Object;)Ljava/lang/Object; (21 bytes) @ 0x0000000003485a0c [0x00000000034859c0+0x4c]
j  javax.swing.MultiUIDefaults.get(Ljava/lang/Object;)Ljava/lang/Object;+45
j  javax.swing.UIDefaults.getBorder(Ljava/lang/Object;)Ljavax/swing/border/Border;+2
j  javax.swing.UIManager.getBorder(Ljava/lang/Object;)Ljavax/swing/border/Border;+4
j  javax.swing.LookAndFeel.installBorder(Ljavax/swing/JComponent;Ljava/lang/String;)V+18
j  javax.swing.plaf.basic.BasicButtonUI.installDefaults(Ljavax/swing/AbstractButton;)V+183
j  com.sun.java.swing.plaf.windows.WindowsButtonUI.installDefaults(Ljavax/swing/AbstractButton;)V+2
j  javax.swing.plaf.basic.BasicButtonUI.installUI(Ljavax/swing/JComponent;)V+5
j  javax.swing.JComponent.setUI(Ljavax/swing/plaf/ComponentUI;)V+39
j  javax.swing.AbstractButton.setUI(Ljavax/swing/plaf/ButtonUI;)V+2
j  javax.swing.JButton.updateUI()V+8
j  javax.swing.AbstractButton.init(Ljava/lang/String;Ljavax/swing/Icon;)V+19
j  javax.swing.JButton.<init>(Ljava/lang/String;Ljavax/swing/Icon;)V+18
j  javax.swing.JButton.<init>()V+3
j  javax.swing.plaf.basic.BasicArrowButton.<init>(ILjava/awt/Color;Ljava/awt/Color;Ljava/awt/Color;Ljava/awt/Color;)V+1
j  com.sun.java.swing.plaf.windows.WindowsScrollBarUI$WindowsArrowButton.<init>(Lcom/sun/java/swing/plaf/windows/WindowsScrollBarUI;ILjava/awt/Color;Ljava/awt/Color;Ljava/awt/Color;Ljava/awt/Color;)V+14
j  com.sun.java.swing.plaf.windows.WindowsScrollBarUI.createIncreaseButton(I)Ljavax/swing/JButton;+26
j  javax.swing.plaf.basic.BasicScrollBarUI.installComponents()V+35
j  javax.swing.plaf.basic.BasicScrollBarUI.installUI(Ljavax/swing/JComponent;)V+43
j  javax.swing.JComponent.setUI(Ljavax/swing/plaf/ComponentUI;)V+39
j  javax.swing.JScrollBar.setUI(Ljavax/swing/plaf/ScrollBarUI;)V+2
j  javax.swing.JScrollBar.updateUI()V+8
j  javax.swing.JScrollBar.<init>(IIIII)V+81
j  javax.swing.JScrollBar.<init>(I)V+8
j  javax.swing.JScrollPane$ScrollBar.<init>(Ljavax/swing/JScrollPane;I)V+7
j  javax.swing.JScrollPane.createVerticalScrollBar()Ljavax/swing/JScrollBar;+6
j  javax.swing.JScrollPane.<init>(Ljava/awt/Component;II)V+52
j  javax.swing.JScrollPane.<init>(Ljava/awt/Component;)V+6
j  sun.swing.FilePane.createList()Ljavax/swing/JPanel;+152
j  com.sun.java.swing.plaf.windows.WindowsFileChooserUI.createList(Ljavax/swing/JFileChooser;)Ljavax/swing/JPanel;+4
j  com.sun.java.swing.plaf.windows.WindowsFileChooserUI$WindowsFileChooserUIAccessor.createList()Ljavax/swing/JPanel;+8
j  sun.swing.FilePane.setViewType(I)V+65
j  sun.swing.FilePane.propertyChange(Ljava/beans/PropertyChangeEvent;)V+10
j  java.beans.PropertyChangeSupport.fire([Ljava/beans/PropertyChangeListener;Ljava/beans/PropertyChangeEvent;)V+27
j  java.beans.PropertyChangeSupport.firePropertyChange(Ljava/beans/PropertyChangeEvent;)V+71
j  java.beans.PropertyChangeSupport.firePropertyChange(Ljava/lang/String;Ljava/lang/Object;Ljava/lang/Object;)V+31
j  java.awt.Component.firePropertyChange(Ljava/lang/String;Ljava/lang/Object;Ljava/lang/Object;)V+55
j  javax.swing.JComponent.setBorder(Ljavax/swing/border/Border;)V+15
j  com.sun.java.swing.plaf.windows.WindowsFileChooserUI.installComponents(Ljavax/swing/JFileChooser;)V+48
j  javax.swing.plaf.basic.BasicFileChooserUI.installUI(Ljavax/swing/JComponent;)V+47
j  com.sun.java.swing.plaf.windows.WindowsFileChooserUI.installUI(Ljavax/swing/JComponent;)V+2
j  javax.swing.JComponent.setUI(Ljavax/swing/plaf/ComponentUI;)V+39
j  javax.swing.JFileChooser.updateUI()V+40
j  javax.swing.JFileChooser.setup(Ljavax/swing/filechooser/FileSystemView;)V+22
j  javax.swing.JFileChooser.<init>(Ljava/io/File;Ljavax/swing/filechooser/FileSystemView;)V+123
j  javax.swing.JFileChooser.<init>()V+9
j  com.xinke.excel_export_import_poi.excelUtil.getExcelPath.getExcelPath()Ljava/lang/String;+10
j  com.xinke.excel_export_import_poi.Controller.excelImportTest.import2()V+3
v  ~StubRoutines::call_stub
J 1557  sun.reflect.NativeMethodAccessorImpl.invoke0(Ljava/lang/reflect/Method;Ljava/lang/Object;[Ljava/lang/Object;)Ljava/lang/Object; (0 bytes) @ 0x000000000313c37f [0x000000000313c300+0x7f]
J 1556 C1 sun.reflect.NativeMethodAccessorImpl.invoke(Ljava/lang/Object;[Ljava/lang/Object;)Ljava/lang/Object; (104 bytes) @ 0x000000000313cadc [0x000000000313c760+0x37c]
J 1555 C1 sun.reflect.DelegatingMethodAccessorImpl.invoke(Ljava/lang/Object;[Ljava/lang/Object;)Ljava/lang/Object; (10 bytes) @ 0x000000000313c024 [0x000000000313bfe0+0x44]
J 1554 C1 java.lang.reflect.Method.invoke(Ljava/lang/Object;[Ljava/lang/Object;)Ljava/lang/Object; (62 bytes) @ 0x000000000313bc54 [0x000000000313bb60+0xf4]
j  org.springframework.web.method.support.InvocableHandlerMethod.doInvoke([Ljava/lang/Object;)Ljava/lang/Object;+16
j  org.springframework.web.method.support.InvocableHandlerMethod.invokeForRequest(Lorg/springframework/web/context/request/NativeWebRequest;Lorg/springframework/web/method/support/ModelAndViewContainer;[Ljava/lang/Object;)Ljava/lang/Object;+56
j  org.springframework.web.servlet.mvc.method.annotation.ServletInvocableHandlerMethod.invokeAndHandle(Lorg/springframework/web/context/request/ServletWebRequest;Lorg/springframework/web/method/support/ModelAndViewContainer;[Ljava/lang/Object;)V+4
j  org.springframework.web.servlet.mvc.method.annotation.RequestMappingHandlerAdapter.invokeHandlerMethod(Ljavax/servlet/http/HttpServletRequest;Ljavax/servlet/http/HttpServletResponse;Lorg/springframework/web/method/HandlerMethod;)Lorg/springframework/web/servlet/ModelAndView;+244
j  org.springframework.web.servlet.mvc.method.annotation.RequestMappingHandlerAdapter.handleInternal(Ljavax/servlet/http/HttpServletRequest;Ljavax/servlet/http/HttpServletResponse;Lorg/springframework/web/method/HandlerMethod;)Lorg/springframework/web/servlet/ModelAndView;+81
j  org.springframework.web.servlet.mvc.method.AbstractHandlerMethodAdapter.handle(Ljavax/servlet/http/HttpServletRequest;Ljavax/servlet/http/HttpServletResponse;Ljava/lang/Object;)Lorg/springframework/web/servlet/ModelAndView;+7
j  org.springframework.web.servlet.DispatcherServlet.doDispatch(Ljavax/servlet/http/HttpServletRequest;Ljavax/servlet/http/HttpServletResponse;)V+257
j  org.springframework.web.servlet.DispatcherServlet.doService(Ljavax/servlet/http/HttpServletRequest;Ljavax/servlet/http/HttpServletResponse;)V+212
j  org.springframework.web.servlet.FrameworkServlet.processRequest(Ljavax/servlet/http/HttpServletRequest;Ljavax/servlet/http/HttpServletResponse;)V+71
j  org.springframework.web.servlet.FrameworkServlet.doGet(Ljavax/servlet/http/HttpServletRequest;Ljavax/servlet/http/HttpServletResponse;)V+3
j  javax.servlet.http.HttpServlet.service(Ljavax/servlet/http/HttpServletRequest;Ljavax/servlet/http/HttpServletResponse;)V+35
j  org.springframework.web.servlet.FrameworkServlet.service(Ljavax/servlet/http/HttpServletRequest;Ljavax/servlet/http/HttpServletResponse;)V+33
j  javax.servlet.http.HttpServlet.service(Ljavax/servlet/ServletRequest;Ljavax/servlet/ServletResponse;)V+36
j  org.apache.catalina.core.ApplicationFilterChain.internalDoFilter(Ljavax/servlet/ServletRequest;Ljavax/servlet/ServletResponse;)V+304
j  org.apache.catalina.core.ApplicationFilterChain.doFilter(Ljavax/servlet/ServletRequest;Ljavax/servlet/ServletResponse;)V+101
j  org.apache.tomcat.websocket.server.WsFilter.doFilter(Ljavax/servlet/ServletRequest;Ljavax/servlet/ServletResponse;Ljavax/servlet/FilterChain;)V+21
j  org.apache.catalina.core.ApplicationFilterChain.internalDoFilter(Ljavax/servlet/ServletRequest;Ljavax/servlet/ServletResponse;)V+135
j  org.apache.catalina.core.ApplicationFilterChain.doFilter(Ljavax/servlet/ServletRequest;Ljavax/servlet/ServletResponse;)V+101
j  org.springframework.web.filter.RequestContextFilter.doFilterInternal(Ljavax/servlet/http/HttpServletRequest;Ljavax/servlet/http/HttpServletResponse;Ljavax/servlet/FilterChain;)V+21
j  org.springframework.web.filter.OncePerRequestFilter.doFilter(Ljavax/servlet/ServletRequest;Ljavax/servlet/ServletResponse;Ljavax/servlet/FilterChain;)V+147
j  org.apache.catalina.core.ApplicationFilterChain.internalDoFilter(Ljavax/servlet/ServletRequest;Ljavax/servlet/ServletResponse;)V+135
j  org.apache.catalina.core.ApplicationFilterChain.doFilter(Ljavax/servlet/ServletRequest;Ljavax/servlet/ServletResponse;)V+101
j  org.springframework.web.filter.FormContentFilter.doFilterInternal(Ljavax/servlet/http/HttpServletRequest;Ljavax/servlet/http/HttpServletResponse;Ljavax/servlet/FilterChain;)V+38
j  org.springframework.web.filter.OncePerRequestFilter.doFilter(Ljavax/servlet/ServletRequest;Ljavax/servlet/ServletResponse;Ljavax/servlet/FilterChain;)V+147
j  org.apache.catalina.core.ApplicationFilterChain.internalDoFilter(Ljavax/servlet/ServletRequest;Ljavax/servlet/ServletResponse;)V+135
j  org.apache.catalina.core.ApplicationFilterChain.doFilter(Ljavax/servlet/ServletRequest;Ljavax/servlet/ServletResponse;)V+101
j  org.springframework.web.filter.HiddenHttpMethodFilter.doFilterInternal(Ljavax/servlet/http/HttpServletRequest;Ljavax/servlet/http/HttpServletResponse;Ljavax/servlet/FilterChain;)V+87
j  org.springframework.web.filter.OncePerRequestFilter.doFilter(Ljavax/servlet/ServletRequest;Ljavax/servlet/ServletResponse;Ljavax/servlet/FilterChain;)V+147
j  org.apache.catalina.core.ApplicationFilterChain.internalDoFilter(Ljavax/servlet/ServletRequest;Ljavax/servlet/ServletResponse;)V+135
j  org.apache.catalina.core.ApplicationFilterChain.doFilter(Ljavax/servlet/ServletRequest;Ljavax/servlet/ServletResponse;)V+101
j  org.springframework.web.filter.CharacterEncodingFilter.doFilterInternal(Ljavax/servlet/http/HttpServletRequest;Ljavax/servlet/http/HttpServletResponse;Ljavax/servlet/FilterChain;)V+53
j  org.springframework.web.filter.OncePerRequestFilter.doFilter(Ljavax/servlet/ServletRequest;Ljavax/servlet/ServletResponse;Ljavax/servlet/FilterChain;)V+147
j  org.apache.catalina.core.ApplicationFilterChain.internalDoFilter(Ljavax/servlet/ServletRequest;Ljavax/servlet/ServletResponse;)V+135
j  org.apache.catalina.core.ApplicationFilterChain.doFilter(Ljavax/servlet/ServletRequest;Ljavax/servlet/ServletResponse;)V+101
j  org.apache.catalina.core.StandardWrapperValve.invoke(Lorg/apache/catalina/connector/Request;Lorg/apache/catalina/connector/Response;)V+694
j  org.apache.catalina.core.StandardContextValve.invoke(Lorg/apache/catalina/connector/Request;Lorg/apache/catalina/connector/Response;)V+166
j  org.apache.catalina.authenticator.AuthenticatorBase.invoke(Lorg/apache/catalina/connector/Request;Lorg/apache/catalina/connector/Response;)V+260
j  org.apache.catalina.core.StandardHostValve.invoke(Lorg/apache/catalina/connector/Request;Lorg/apache/catalina/connector/Response;)V+114
j  org.apache.catalina.valves.ErrorReportValve.invoke(Lorg/apache/catalina/connector/Request;Lorg/apache/catalina/connector/Response;)V+6
j  org.apache.catalina.core.StandardEngineValve.invoke(Lorg/apache/catalina/connector/Request;Lorg/apache/catalina/connector/Response;)V+45
j  org.apache.catalina.connector.CoyoteAdapter.service(Lorg/apache/coyote/Request;Lorg/apache/coyote/Response;)V+199
j  org.apache.coyote.http11.Http11Processor.service(Lorg/apache/tomcat/util/net/SocketWrapperBase;)Lorg/apache/tomcat/util/net/AbstractEndpoint$Handler$SocketState;+791
j  org.apache.coyote.AbstractProcessorLight.process(Lorg/apache/tomcat/util/net/SocketWrapperBase;Lorg/apache/tomcat/util/net/SocketEvent;)Lorg/apache/tomcat/util/net/AbstractEndpoint$Handler$SocketState;+113
j  org.apache.coyote.AbstractProtocol$ConnectionHandler.process(Lorg/apache/tomcat/util/net/SocketWrapperBase;Lorg/apache/tomcat/util/net/SocketEvent;)Lorg/apache/tomcat/util/net/AbstractEndpoint$Handler$SocketState;+422
j  org.apache.tomcat.util.net.NioEndpoint$SocketProcessor.doRun()V+221
j  org.apache.tomcat.util.net.SocketProcessorBase.run()V+21
j  java.util.concurrent.ThreadPoolExecutor.runWorker(Ljava/util/concurrent/ThreadPoolExecutor$Worker;)V+95
j  java.util.concurrent.ThreadPoolExecutor$Worker.run()V+5
j  org.apache.tomcat.util.threads.TaskThread$WrappingRunnable.run()V+4
j  java.lang.Thread.run()V+11
v  ~StubRoutines::call_stub

---------------  P R O C E S S  ---------------

Java Threads: ( => current thread )
  0x000000001bb2b000 JavaThread "Swing-Shell" daemon [_thread_blocked, id=15412, stack(0x000000001ed10000,0x000000001ee10000)]
  0x000000001bb1c800 JavaThread "Image Fetcher 0" daemon [_thread_blocked, id=9384, stack(0x000000001ec10000,0x000000001ed10000)]
  0x000000001bb23800 JavaThread "AWT-Windows" daemon [_thread_in_native, id=7028, stack(0x000000001e600000,0x000000001e700000)]
  0x000000001bb22800 JavaThread "AWT-Shutdown" [_thread_blocked, id=19072, stack(0x000000001e500000,0x000000001e600000)]
  0x000000001bb21000 JavaThread "Java2D Disposer" daemon [_thread_blocked, id=20448, stack(0x000000001e400000,0x000000001e500000)]
  0x000000001bb22000 JavaThread "RMI TCP Connection(5)-127.0.0.1" daemon [_thread_in_native, id=13608, stack(0x000000001e100000,0x000000001e200000)]
  0x000000001bb1e800 JavaThread "RMI TCP Connection(3)-127.0.0.1" daemon [_thread_in_native, id=13488, stack(0x000000001df00000,0x000000001e000000)]
  0x000000001bb1e000 JavaThread "DestroyJavaVM" [_thread_blocked, id=17416, stack(0x0000000002ab0000,0x0000000002bb0000)]
  0x000000001bb1d000 JavaThread "http-nio-8080-Acceptor" daemon [_thread_in_native, id=952, stack(0x000000001dd00000,0x000000001de00000)]
  0x000000001bb1f800 JavaThread "http-nio-8080-ClientPoller" daemon [_thread_in_native, id=15868, stack(0x000000001dc00000,0x000000001dd00000)]
  0x000000001bb20000 JavaThread "http-nio-8080-exec-10" daemon [_thread_blocked, id=14804, stack(0x000000001d900000,0x000000001da00000)]
  0x000000001b9c6800 JavaThread "http-nio-8080-exec-9" daemon [_thread_blocked, id=9152, stack(0x000000001d800000,0x000000001d900000)]
  0x000000001b9c7800 JavaThread "http-nio-8080-exec-8" daemon [_thread_blocked, id=20376, stack(0x000000001d700000,0x000000001d800000)]
  0x000000001b9c6000 JavaThread "http-nio-8080-exec-7" daemon [_thread_blocked, id=11776, stack(0x000000001d600000,0x000000001d700000)]
  0x000000001b9c4800 JavaThread "http-nio-8080-exec-6" daemon [_thread_blocked, id=9884, stack(0x000000001d500000,0x000000001d600000)]
  0x000000001b9c3800 JavaThread "http-nio-8080-exec-5" daemon [_thread_blocked, id=15740, stack(0x000000001d400000,0x000000001d500000)]
  0x000000001b9c1800 JavaThread "http-nio-8080-exec-4" daemon [_thread_blocked, id=19416, stack(0x000000001d300000,0x000000001d400000)]
  0x000000001b9c0800 JavaThread "http-nio-8080-exec-3" daemon [_thread_blocked, id=17404, stack(0x000000001d200000,0x000000001d300000)]
  0x000000001b9c3000 JavaThread "http-nio-8080-exec-2" daemon [_thread_blocked, id=18816, stack(0x000000001d100000,0x000000001d200000)]
=>0x000000001b9c2000 JavaThread "http-nio-8080-exec-1" daemon [_thread_in_vm, id=18576, stack(0x000000001d000000,0x000000001d100000)]
  0x000000001b9c5000 JavaThread "http-nio-8080-BlockPoller" daemon [_thread_in_native, id=17056, stack(0x000000001cf00000,0x000000001d000000)]
  0x000000001b94c800 JavaThread "container-0" [_thread_blocked, id=19712, stack(0x000000001cb00000,0x000000001cc00000)]
  0x000000001b949800 JavaThread "Catalina-utility-2" [_thread_blocked, id=19612, stack(0x000000001ca00000,0x000000001cb00000)]
  0x000000001b949000 JavaThread "Catalina-utility-1" [_thread_blocked, id=19232, stack(0x000000001c900000,0x000000001ca00000)]
  0x0000000019615000 JavaThread "RMI TCP Connection(idle)" daemon [_thread_blocked, id=14904, stack(0x000000001a630000,0x000000001a730000)]
  0x00000000194ff000 JavaThread "RMI Scheduler(0)" daemon [_thread_blocked, id=2908, stack(0x000000001a530000,0x000000001a630000)]
  0x000000001950b800 JavaThread "RMI TCP Connection(1)-127.0.0.1" daemon [_thread_in_native, id=15156, stack(0x000000001a430000,0x000000001a530000)]
  0x000000001947d800 JavaThread "RMI TCP Accept-0" daemon [_thread_in_native, id=2596, stack(0x0000000019f30000,0x000000001a030000)]
  0x0000000019457000 JavaThread "RMI TCP Accept-59202" daemon [_thread_in_native, id=13712, stack(0x0000000019e30000,0x0000000019f30000)]
  0x000000001944e800 JavaThread "RMI TCP Accept-0" daemon [_thread_in_native, id=15772, stack(0x0000000019d30000,0x0000000019e30000)]
  0x0000000018baf800 JavaThread "Service Thread" daemon [_thread_blocked, id=15852, stack(0x0000000019a10000,0x0000000019b10000)]
  0x0000000018b60800 JavaThread "C1 CompilerThread2" daemon [_thread_blocked, id=15640, stack(0x0000000019110000,0x0000000019210000)]
  0x0000000018b5f000 JavaThread "C2 CompilerThread1" daemon [_thread_blocked, id=18664, stack(0x0000000019010000,0x0000000019110000)]
  0x0000000018b5b000 JavaThread "C2 CompilerThread0" daemon [_thread_blocked, id=16984, stack(0x0000000018f10000,0x0000000019010000)]
  0x0000000018bd6000 JavaThread "Monitor Ctrl-Break" daemon [_thread_in_native, id=19724, stack(0x0000000018e10000,0x0000000018f10000)]
  0x0000000018852800 JavaThread "Attach Listener" daemon [_thread_blocked, id=20456, stack(0x0000000018d10000,0x0000000018e10000)]
  0x00000000174d4800 JavaThread "Signal Dispatcher" daemon [_thread_blocked, id=18272, stack(0x0000000018c10000,0x0000000018d10000)]
  0x0000000002caa800 JavaThread "Finalizer" daemon [_thread_blocked, id=10700, stack(0x0000000018710000,0x0000000018810000)]
  0x0000000002ca7000 JavaThread "Reference Handler" daemon [_thread_blocked, id=14456, stack(0x0000000018610000,0x0000000018710000)]

Other Threads:
  0x0000000017487000 VMThread [stack: 0x0000000018510000,0x0000000018610000] [id=9180]
  0x0000000019482800 WatcherThread [stack: 0x000000001a030000,0x000000001a130000] [id=10440]

VM state:not at safepoint (normal execution)

VM Mutex/Monitor currently owned by a thread: None

heap address: 0x0000000088e00000, size: 1906 MB, Compressed Oops mode: 32-bit
Narrow klass base: 0x0000000000000000, Narrow klass shift: 3
Compressed class space size: 1073741824 Address: 0x0000000100000000

Heap:
 PSYoungGen      total 207360K, used 16257K [0x00000000d8500000, 0x00000000e6500000, 0x0000000100000000)
  eden space 195584K, 8% used [0x00000000d8500000,0x00000000d94e07c0,0x00000000e4400000)
  from space 11776K, 0% used [0x00000000e4f80000,0x00000000e4f80000,0x00000000e5b00000)
  to   space 11776K, 0% used [0x00000000e4400000,0x00000000e4400000,0x00000000e4f80000)
 ParOldGen       total 60928K, used 13250K [0x0000000088e00000, 0x000000008c980000, 0x00000000d8500000)
  object space 60928K, 21% used [0x0000000088e00000,0x0000000089af0ad8,0x000000008c980000)
 Metaspace       used 37045K, capacity 38764K, committed 39168K, reserved 1083392K
  class space    used 4906K, capacity 5253K, committed 5376K, reserved 1048576K

Card table byte_map: [0x0000000012190000,0x0000000012550000] byte_map_base: 0x0000000011d49000

Marking Bits: (ParMarkBitMap*) 0x00000000614e4ce0
 Begin Bits: [0x0000000012bd0000, 0x0000000014998000)
 End Bits:   [0x0000000014998000, 0x0000000016760000)

Polling page: 0x0000000002440000

CodeCache: size=245760Kb used=6901Kb max_used=6901Kb free=238858Kb
 bounds [0x0000000002dd0000, 0x0000000003490000, 0x0000000011dd0000]
 total_blobs=3828 nmethods=3268 adapters=471
 compilation: enabled

Compilation events (10 events):
Event: 26.913 Thread 0x0000000018b60800 3265       1       sun.java2d.loops.GraphicsPrimitiveMgr::locate (104 bytes)
Event: 26.913 Thread 0x0000000018b60800 nmethod 3265 0x000000000348c4d0 code [0x000000000348c680, 0x000000000348cad8]
Event: 26.913 Thread 0x0000000018b60800 3264       1       sun.java2d.loops.CompositeType::getSuperType (5 bytes)
Event: 26.913 Thread 0x0000000018b60800 nmethod 3264 0x000000000348cd90 code [0x000000000348cee0, 0x000000000348cff0]
Event: 26.913 Thread 0x0000000018b60800 3266       1       sun.java2d.loops.SurfaceType::getSuperType (5 bytes)
Event: 26.913 Thread 0x0000000018b60800 nmethod 3266 0x000000000348d050 code [0x000000000348d1a0, 0x000000000348d2b0]
Event: 26.913 Thread 0x0000000018b60800 3267       1       java.awt.image.SampleModel::getNumBands (5 bytes)
Event: 26.914 Thread 0x0000000018b60800 nmethod 3267 0x000000000348d310 code [0x000000000348d460, 0x000000000348d570]
Event: 26.914 Thread 0x0000000018b60800 3268       1       sun.java2d.SunGraphics2D::getSurfaceData (5 bytes)
Event: 26.914 Thread 0x0000000018b60800 nmethod 3268 0x000000000348d5d0 code [0x000000000348d720, 0x000000000348d830]

GC Heap History (10 events):
Event: 2.093 GC heap before
{Heap before GC invocations=6 (full 1):
 PSYoungGen      total 66560K, used 5095K [0x00000000d8500000, 0x00000000e1000000, 0x0000000100000000)
  eden space 61440K, 0% used [0x00000000d8500000,0x00000000d8500000,0x00000000dc100000)
  from space 5120K, 99% used [0x00000000dc100000,0x00000000dc5f9eb8,0x00000000dc600000)
  to   space 9728K, 0% used [0x00000000e0680000,0x00000000e0680000,0x00000000e1000000)
 ParOldGen       total 81920K, used 6617K [0x0000000088e00000, 0x000000008de00000, 0x00000000d8500000)
  object space 81920K, 8% used [0x0000000088e00000,0x00000000894764c8,0x000000008de00000)
 Metaspace       used 20616K, capacity 21198K, committed 21296K, reserved 1067008K
  class space    used 2733K, capacity 2889K, committed 2944K, reserved 1048576K
Event: 2.145 GC heap after
Heap after GC invocations=6 (full 1):
 PSYoungGen      total 66560K, used 0K [0x00000000d8500000, 0x00000000e1000000, 0x0000000100000000)
  eden space 61440K, 0% used [0x00000000d8500000,0x00000000d8500000,0x00000000dc100000)
  from space 5120K, 0% used [0x00000000dc100000,0x00000000dc100000,0x00000000dc600000)
  to   space 9728K, 0% used [0x00000000e0680000,0x00000000e0680000,0x00000000e1000000)
 ParOldGen       total 45568K, used 5769K [0x0000000088e00000, 0x000000008ba80000, 0x00000000d8500000)
  object space 45568K, 12% used [0x0000000088e00000,0x00000000893a26e0,0x000000008ba80000)
 Metaspace       used 20614K, capacity 21192K, committed 21296K, reserved 1067008K
  class space    used 2733K, capacity 2888K, committed 2944K, reserved 1048576K
}
Event: 2.788 GC heap before
{Heap before GC invocations=7 (full 1):
 PSYoungGen      total 66560K, used 61440K [0x00000000d8500000, 0x00000000e1000000, 0x0000000100000000)
  eden space 61440K, 100% used [0x00000000d8500000,0x00000000dc100000,0x00000000dc100000)
  from space 5120K, 0% used [0x00000000dc100000,0x00000000dc100000,0x00000000dc600000)
  to   space 9728K, 0% used [0x00000000e0680000,0x00000000e0680000,0x00000000e1000000)
 ParOldGen       total 45568K, used 5769K [0x0000000088e00000, 0x000000008ba80000, 0x00000000d8500000)
  object space 45568K, 12% used [0x0000000088e00000,0x00000000893a26e0,0x000000008ba80000)
 Metaspace       used 24537K, capacity 25388K, committed 25600K, reserved 1071104K
  class space    used 3261K, capacity 3484K, committed 3584K, reserved 1048576K
Event: 2.796 GC heap after
Heap after GC invocations=7 (full 1):
 PSYoungGen      total 117760K, used 6294K [0x00000000d8500000, 0x00000000e0d00000, 0x0000000100000000)
  eden space 111104K, 0% used [0x00000000d8500000,0x00000000d8500000,0x00000000df180000)
  from space 6656K, 94% used [0x00000000e0680000,0x00000000e0ca5a98,0x00000000e0d00000)
  to   space 9216K, 0% used [0x00000000dfb00000,0x00000000dfb00000,0x00000000e0400000)
 ParOldGen       total 45568K, used 5777K [0x0000000088e00000, 0x000000008ba80000, 0x00000000d8500000)
  object space 45568K, 12% used [0x0000000088e00000,0x00000000893a46e0,0x000000008ba80000)
 Metaspace       used 24537K, capacity 25388K, committed 25600K, reserved 1071104K
  class space    used 3261K, capacity 3484K, committed 3584K, reserved 1048576K
}
Event: 4.225 GC heap before
{Heap before GC invocations=8 (full 1):
 PSYoungGen      total 117760K, used 117398K [0x00000000d8500000, 0x00000000e0d00000, 0x0000000100000000)
  eden space 111104K, 100% used [0x00000000d8500000,0x00000000df180000,0x00000000df180000)
  from space 6656K, 94% used [0x00000000e0680000,0x00000000e0ca5a98,0x00000000e0d00000)
  to   space 9216K, 0% used [0x00000000dfb00000,0x00000000dfb00000,0x00000000e0400000)
 ParOldGen       total 45568K, used 5777K [0x0000000088e00000, 0x000000008ba80000, 0x00000000d8500000)
  object space 45568K, 12% used [0x0000000088e00000,0x00000000893a46e0,0x000000008ba80000)
 Metaspace       used 31677K, capacity 33330K, committed 33536K, reserved 1079296K
  class space    used 4209K, capacity 4522K, committed 4608K, reserved 1048576K
Event: 4.240 GC heap after
Heap after GC invocations=8 (full 1):
 PSYoungGen      total 130048K, used 9193K [0x00000000d8500000, 0x00000000e5b00000, 0x0000000100000000)
  eden space 120832K, 0% used [0x00000000d8500000,0x00000000d8500000,0x00000000dfb00000)
  from space 9216K, 99% used [0x00000000dfb00000,0x00000000e03fa620,0x00000000e0400000)
  to   space 11776K, 0% used [0x00000000e4f80000,0x00000000e4f80000,0x00000000e5b00000)
 ParOldGen       total 45568K, used 9291K [0x0000000088e00000, 0x000000008ba80000, 0x00000000d8500000)
  object space 45568K, 20% used [0x0000000088e00000,0x0000000089712cf0,0x000000008ba80000)
 Metaspace       used 31677K, capacity 33330K, committed 33536K, reserved 1079296K
  class space    used 4209K, capacity 4522K, committed 4608K, reserved 1048576K
}
Event: 26.020 GC heap before
{Heap before GC invocations=9 (full 1):
 PSYoungGen      total 130048K, used 24012K [0x00000000d8500000, 0x00000000e5b00000, 0x0000000100000000)
  eden space 120832K, 12% used [0x00000000d8500000,0x00000000d9378ae0,0x00000000dfb00000)
  from space 9216K, 99% used [0x00000000dfb00000,0x00000000e03fa620,0x00000000e0400000)
  to   space 11776K, 0% used [0x00000000e4f80000,0x00000000e4f80000,0x00000000e5b00000)
 ParOldGen       total 45568K, used 9291K [0x0000000088e00000, 0x000000008ba80000, 0x00000000d8500000)
  object space 45568K, 20% used [0x0000000088e00000,0x0000000089712cf0,0x000000008ba80000)
 Metaspace       used 33750K, capacity 35400K, committed 35496K, reserved 1079296K
  class space    used 4441K, capacity 4795K, committed 4864K, reserved 1048576K
Event: 26.030 GC heap after
Heap after GC invocations=9 (full 1):
 PSYoungGen      total 207360K, used 8533K [0x00000000d8500000, 0x00000000e6500000, 0x0000000100000000)
  eden space 195584K, 0% used [0x00000000d8500000,0x00000000d8500000,0x00000000e4400000)
  from space 11776K, 72% used [0x00000000e4f80000,0x00000000e57d54c0,0x00000000e5b00000)
  to   space 11776K, 0% used [0x00000000e4400000,0x00000000e4400000,0x00000000e4f80000)
 ParOldGen       total 45568K, used 9299K [0x0000000088e00000, 0x000000008ba80000, 0x00000000d8500000)
  object space 45568K, 20% used [0x0000000088e00000,0x0000000089714cf0,0x000000008ba80000)
 Metaspace       used 33750K, capacity 35400K, committed 35496K, reserved 1079296K
  class space    used 4441K, capacity 4795K, committed 4864K, reserved 1048576K
}
Event: 26.030 GC heap before
{Heap before GC invocations=10 (full 2):
 PSYoungGen      total 207360K, used 8533K [0x00000000d8500000, 0x00000000e6500000, 0x0000000100000000)
  eden space 195584K, 0% used [0x00000000d8500000,0x00000000d8500000,0x00000000e4400000)
  from space 11776K, 72% used [0x00000000e4f80000,0x00000000e57d54c0,0x00000000e5b00000)
  to   space 11776K, 0% used [0x00000000e4400000,0x00000000e4400000,0x00000000e4f80000)
 ParOldGen       total 45568K, used 9299K [0x0000000088e00000, 0x000000008ba80000, 0x00000000d8500000)
  object space 45568K, 20% used [0x0000000088e00000,0x0000000089714cf0,0x000000008ba80000)
 Metaspace       used 33750K, capacity 35400K, committed 35496K, reserved 1079296K
  class space    used 4441K, capacity 4795K, committed 4864K, reserved 1048576K
Event: 26.085 GC heap after
Heap after GC invocations=10 (full 2):
 PSYoungGen      total 207360K, used 0K [0x00000000d8500000, 0x00000000e6500000, 0x0000000100000000)
  eden space 195584K, 0% used [0x00000000d8500000,0x00000000d8500000,0x00000000e4400000)
  from space 11776K, 0% used [0x00000000e4f80000,0x00000000e4f80000,0x00000000e5b00000)
  to   space 11776K, 0% used [0x00000000e4400000,0x00000000e4400000,0x00000000e4f80000)
 ParOldGen       total 60928K, used 13250K [0x0000000088e00000, 0x000000008c980000, 0x00000000d8500000)
  object space 60928K, 21% used [0x0000000088e00000,0x0000000089af0ad8,0x000000008c980000)
 Metaspace       used 33750K, capacity 35400K, committed 35496K, reserved 1079296K
  class space    used 4441K, capacity 4795K, committed 4864K, reserved 1048576K
}

Deoptimization events (0 events):
No events

Classes redefined (0 events):
No events

Internal exceptions (10 events):
Event: 3.675 Thread 0x0000000002bb7000 Exception <a 'java/lang/NoSuchMethodError': java.lang.Object.lambda$andThen$1(Ljava/util/function/Function;Ljava/lang/Object;)Ljava/lang/Object;> (0x00000000dde40618) thrown at [C:\re\workspace\8-2-build-windows-amd64-cygwin\jdk8u201\12322\hotspot\src\sha
Event: 3.897 Thread 0x0000000002bb7000 Exception <a 'java/lang/ArrayIndexOutOfBoundsException'> (0x00000000de27b2e8) thrown at [C:\re\workspace\8-2-build-windows-amd64-cygwin\jdk8u201\12322\hotspot\src\share\vm\runtime\sharedRuntime.cpp, line 605]
Event: 3.910 Thread 0x0000000002bb7000 Exception <a 'java/lang/ArrayIndexOutOfBoundsException'> (0x00000000de456578) thrown at [C:\re\workspace\8-2-build-windows-amd64-cygwin\jdk8u201\12322\hotspot\src\share\vm\runtime\sharedRuntime.cpp, line 605]
Event: 3.945 Thread 0x0000000002bb7000 Exception <a 'java/lang/ArrayIndexOutOfBoundsException'> (0x00000000de82f8b0) thrown at [C:\re\workspace\8-2-build-windows-amd64-cygwin\jdk8u201\12322\hotspot\src\share\vm\runtime\sharedRuntime.cpp, line 605]
Event: 3.945 Thread 0x0000000002bb7000 Exception <a 'java/lang/ArrayIndexOutOfBoundsException'> (0x00000000de830870) thrown at [C:\re\workspace\8-2-build-windows-amd64-cygwin\jdk8u201\12322\hotspot\src\share\vm\runtime\sharedRuntime.cpp, line 605]
Event: 3.946 Thread 0x0000000002bb7000 Exception <a 'java/lang/ArrayIndexOutOfBoundsException'> (0x00000000de832890) thrown at [C:\re\workspace\8-2-build-windows-amd64-cygwin\jdk8u201\12322\hotspot\src\share\vm\runtime\sharedRuntime.cpp, line 605]
Event: 25.867 Thread 0x000000001b9c2000 Exception <a 'java/io/FileNotFoundException'> (0x00000000d91dd808) thrown at [C:\re\workspace\8-2-build-windows-amd64-cygwin\jdk8u201\12322\hotspot\src\share\vm\prims\jni.cpp, line 709]
Event: 26.099 Thread 0x000000001b9c2000 Exception <a 'java/io/FileNotFoundException'> (0x00000000d8549100) thrown at [C:\re\workspace\8-2-build-windows-amd64-cygwin\jdk8u201\12322\hotspot\src\share\vm\prims\jni.cpp, line 709]
Event: 26.194 Thread 0x000000001b9c2000 Exception <a 'java/io/FileNotFoundException'> (0x00000000d8a4ad18) thrown at [C:\re\workspace\8-2-build-windows-amd64-cygwin\jdk8u201\12322\hotspot\src\share\vm\prims\jni.cpp, line 709]
Event: 26.194 Thread 0x000000001b9c2000 Exception <a 'java/lang/NullPointerException'> (0x00000000d8a4b720) thrown at [C:\re\workspace\8-2-build-windows-amd64-cygwin\jdk8u201\12322\hotspot\src\share\vm\interpreter\linkResolver.cpp, line 1185]

Events (10 events):
Event: 26.917 loading class javax/swing/ButtonModel done
Event: 26.917 loading class javax/swing/DefaultButtonModel done
Event: 26.917 loading class javax/swing/AbstractButton$Handler
Event: 26.917 loading class javax/swing/AbstractButton$Handler done
Event: 26.917 loading class com/sun/java/swing/plaf/windows/WindowsButtonUI
Event: 26.918 loading class javax/swing/plaf/basic/BasicButtonUI
Event: 26.919 loading class javax/swing/plaf/ButtonUI
Event: 26.919 loading class javax/swing/plaf/ButtonUI done
Event: 26.919 loading class javax/swing/plaf/basic/BasicButtonUI done
Event: 26.919 loading class com/sun/java/swing/plaf/windows/WindowsButtonUI done


Dynamic libraries:
0x00007ff7c43f0000 - 0x00007ff7c4427000 	C:\Program Files\Java\jdk1.8.0_201\bin\java.exe
0x00007fff654b0000 - 0x00007fff65691000 	C:\WINDOWS\SYSTEM32\ntdll.dll
0x00007fff63130000 - 0x00007fff631e1000 	C:\WINDOWS\System32\KERNEL32.DLL
0x00007fff61d70000 - 0x00007fff61fe3000 	C:\WINDOWS\System32\KERNELBASE.dll
0x00007fff639c0000 - 0x00007fff63a61000 	C:\WINDOWS\System32\ADVAPI32.dll
0x00007fff62eb0000 - 0x00007fff62f4e000 	C:\WINDOWS\System32\msvcrt.dll
0x00007fff62ca0000 - 0x00007fff62cfb000 	C:\WINDOWS\System32\sechost.dll
0x00007fff63570000 - 0x00007fff63694000 	C:\WINDOWS\System32\RPCRT4.dll
0x00007fff63370000 - 0x00007fff63500000 	C:\WINDOWS\System32\USER32.dll
0x00007fff61900000 - 0x00007fff61920000 	C:\WINDOWS\System32\win32u.dll
0x00007fff62c70000 - 0x00007fff62c98000 	C:\WINDOWS\System32\GDI32.dll
0x00007fff627a0000 - 0x00007fff62931000 	C:\WINDOWS\System32\gdi32full.dll
0x00007fff62700000 - 0x00007fff6279f000 	C:\WINDOWS\System32\msvcp_win.dll
0x00007fff61a80000 - 0x00007fff61b78000 	C:\WINDOWS\System32\ucrtbase.dll
0x00007fff562c0000 - 0x00007fff56529000 	C:\WINDOWS\WinSxS\amd64_microsoft.windows.common-controls_6595b64144ccf1df_6.0.17134.950_none_fb3da4273069d3e0\COMCTL32.dll
0x00007fff62940000 - 0x00007fff62c62000 	C:\WINDOWS\System32\combase.dll
0x00007fff61880000 - 0x00007fff618f9000 	C:\WINDOWS\System32\bcryptPrimitives.dll
0x00007fff636a0000 - 0x00007fff636cd000 	C:\WINDOWS\System32\IMM32.DLL
0x0000000063390000 - 0x0000000063461000 	C:\Program Files\Java\jdk1.8.0_201\jre\bin\msvcr100.dll
0x0000000060cc0000 - 0x0000000061564000 	C:\Program Files\Java\jdk1.8.0_201\jre\bin\server\jvm.dll
0x00007fff63120000 - 0x00007fff63128000 	C:\WINDOWS\System32\PSAPI.DLL
0x00007fff58f80000 - 0x00007fff58f89000 	C:\WINDOWS\SYSTEM32\WSOCK32.dll
0x00007fff63950000 - 0x00007fff639bc000 	C:\WINDOWS\System32\WS2_32.dll
0x00007fff53ac0000 - 0x00007fff53ae3000 	C:\WINDOWS\SYSTEM32\WINMM.dll
0x00007fff53a70000 - 0x00007fff53a9a000 	C:\WINDOWS\SYSTEM32\WINMMBASE.dll
0x00007fff61920000 - 0x00007fff61969000 	C:\WINDOWS\System32\cfgmgr32.dll
0x00007fff5da60000 - 0x00007fff5da6a000 	C:\WINDOWS\SYSTEM32\VERSION.dll
0x00007fff58790000 - 0x00007fff5879f000 	C:\Program Files\Java\jdk1.8.0_201\jre\bin\verify.dll
0x00007fff54760000 - 0x00007fff54789000 	C:\Program Files\Java\jdk1.8.0_201\jre\bin\java.dll
0x00007fff530a0000 - 0x00007fff530c3000 	C:\Program Files\Java\jdk1.8.0_201\jre\bin\instrument.dll
0x00007fff58770000 - 0x00007fff58786000 	C:\Program Files\Java\jdk1.8.0_201\jre\bin\zip.dll
0x00007fff63a70000 - 0x00007fff64eb0000 	C:\WINDOWS\System32\SHELL32.dll
0x00007fff62d00000 - 0x00007fff62da9000 	C:\WINDOWS\System32\shcore.dll
0x00007fff61ff0000 - 0x00007fff626fd000 	C:\WINDOWS\System32\windows.storage.dll
0x00007fff62db0000 - 0x00007fff62e01000 	C:\WINDOWS\System32\shlwapi.dll
0x00007fff61840000 - 0x00007fff61851000 	C:\WINDOWS\System32\kernel.appcore.dll
0x00007fff61860000 - 0x00007fff6187f000 	C:\WINDOWS\System32\profapi.dll
0x00007fff617f0000 - 0x00007fff6183c000 	C:\WINDOWS\System32\powrprof.dll
0x00007fff617c0000 - 0x00007fff617ca000 	C:\WINDOWS\System32\FLTLIB.DLL
0x00007fff531b0000 - 0x00007fff531ca000 	D:\IntelliJ IDEA 2018.3.3\bin\breakgen64.dll
0x00007fff54280000 - 0x00007fff5429a000 	C:\Program Files\Java\jdk1.8.0_201\jre\bin\net.dll
0x00007fff56ea0000 - 0x00007fff57069000 	C:\WINDOWS\SYSTEM32\urlmon.dll
0x00007fff58a00000 - 0x00007fff58ca6000 	C:\WINDOWS\SYSTEM32\iertutil.dll
0x00007fff61210000 - 0x00007fff6121b000 	C:\WINDOWS\SYSTEM32\CRYPTBASE.DLL
0x00007fff61040000 - 0x00007fff610a6000 	C:\WINDOWS\system32\mswsock.dll
0x00007fff5d970000 - 0x00007fff5d97d000 	C:\Program Files\Java\jdk1.8.0_201\jre\bin\management.dll
0x00007fff539b0000 - 0x00007fff539c1000 	C:\Program Files\Java\jdk1.8.0_201\jre\bin\nio.dll
0x00007fff47710000 - 0x00007fff4773d000 	C:\Program Files (x86)\Sangfor\SSL\ClientComponent\SangforNspX64.dll
0x00007fff64eb0000 - 0x00007fff65001000 	C:\WINDOWS\System32\ole32.dll
0x00007fff62f50000 - 0x00007fff63012000 	C:\WINDOWS\System32\OLEAUT32.dll
0x00007fff476f0000 - 0x00007fff47706000 	C:\WINDOWS\system32\napinsp.dll
0x00007fff476d0000 - 0x00007fff476ea000 	C:\WINDOWS\system32\pnrpnsp.dll
0x00007fff5ce50000 - 0x00007fff5ce69000 	C:\WINDOWS\system32\NLAapi.dll
0x00007fff60dd0000 - 0x00007fff60e8e000 	C:\WINDOWS\SYSTEM32\DNSAPI.dll
0x00007fff63500000 - 0x00007fff63508000 	C:\WINDOWS\System32\NSI.dll
0x00007fff60d90000 - 0x00007fff60dc8000 	C:\WINDOWS\SYSTEM32\IPHLPAPI.DLL
0x00007fff476a0000 - 0x00007fff476ae000 	C:\WINDOWS\System32\winrnr.dll
0x00007fff476b0000 - 0x00007fff476c5000 	C:\WINDOWS\System32\wshbth.dll
0x00007fff59310000 - 0x00007fff5948a000 	C:\Program Files (x86)\Sangfor\SSL\ClientComponent\SangforTcpX64.dll
0x00007fff61970000 - 0x00007fff619c7000 	C:\WINDOWS\System32\WINTRUST.dll
0x00007fff617d0000 - 0x00007fff617e2000 	C:\WINDOWS\System32\MSASN1.dll
0x00007fff61b80000 - 0x00007fff61d62000 	C:\WINDOWS\System32\CRYPT32.dll
0x00007fff5a750000 - 0x00007fff5a75a000 	C:\Windows\System32\rasadhlp.dll
0x00007fff5a930000 - 0x00007fff5a9a2000 	C:\WINDOWS\System32\fwpuclnt.dll
0x00007fff61320000 - 0x00007fff61345000 	C:\WINDOWS\SYSTEM32\bcrypt.dll
0x00007fff611f0000 - 0x00007fff61207000 	C:\WINDOWS\SYSTEM32\CRYPTSP.dll
0x00007fff60bf0000 - 0x00007fff60c23000 	C:\WINDOWS\system32\rsaenh.dll
0x00007fff616c0000 - 0x00007fff616e8000 	C:\WINDOWS\SYSTEM32\USERENV.dll
0x00007fff5c320000 - 0x00007fff5c336000 	C:\WINDOWS\SYSTEM32\dhcpcsvc6.DLL
0x00007fff5c110000 - 0x00007fff5c12a000 	C:\WINDOWS\SYSTEM32\dhcpcsvc.DLL
0x00007fff25af0000 - 0x00007fff25c89000 	C:\Program Files\Java\jdk1.8.0_201\jre\bin\awt.dll
0x00007fff5f5f0000 - 0x00007fff5f67b000 	C:\WINDOWS\SYSTEM32\apphelp.dll
0x00007fff5fad0000 - 0x00007fff5fb68000 	C:\WINDOWS\system32\uxtheme.dll
0x00007fff631f0000 - 0x00007fff63363000 	C:\WINDOWS\System32\MSCTF.dll
0x00007fff269d0000 - 0x00007fff26a1b000 	D:\Listary\Listary\ListaryHook64.dll
0x00007fff3e8b0000 - 0x00007fff3e91b000 	C:\WINDOWS\SYSTEM32\OLEACC.dll
0x00007fff5fba0000 - 0x00007fff5fbc9000 	C:\WINDOWS\system32\dwmapi.dll
0x00007fff43720000 - 0x00007fff43767000 	C:\Program Files\Java\jdk1.8.0_201\jre\bin\fontmanager.dll
0x00007fff26a20000 - 0x00007fff26ac7000 	C:\WINDOWS\WinSxS\amd64_microsoft.windows.common-controls_6595b64144ccf1df_5.82.17134.950_none_f953b71930945fe1\comctl32.dll
0x00007fff601e0000 - 0x00007fff603a9000 	C:\WINDOWS\SYSTEM32\dbghelp.dll

VM Arguments:
jvm_args: -XX:TieredStopAtLevel=1 -Xverify:none -Dspring.output.ansi.enabled=always -Dcom.sun.management.jmxremote -Dcom.sun.management.jmxremote.port=59202 -Dcom.sun.management.jmxremote.authenticate=false -Dcom.sun.management.jmxremote.ssl=false -Djava.rmi.server.hostname=localhost -Dspring.liveBeansView.mbeanDomain -Dspring.application.admin.enabled=true -javaagent:D:\IntelliJ IDEA 2018.3.3\lib\idea_rt.jar=59203:D:\IntelliJ IDEA 2018.3.3\bin -Dfile.encoding=UTF-8 
java_command: com.xinke.excel_export_import_poi.ExcelExportImportPoiApplication
java_class_path (initial): C:\Program Files\Java\jdk1.8.0_201\jre\lib\charsets.jar;C:\Program Files\Java\jdk1.8.0_201\jre\lib\deploy.jar;C:\Program Files\Java\jdk1.8.0_201\jre\lib\ext\access-bridge-64.jar;C:\Program Files\Java\jdk1.8.0_201\jre\lib\ext\cldrdata.jar;C:\Program Files\Java\jdk1.8.0_201\jre\lib\ext\dnsns.jar;C:\Program Files\Java\jdk1.8.0_201\jre\lib\ext\jaccess.jar;C:\Program Files\Java\jdk1.8.0_201\jre\lib\ext\jfxrt.jar;C:\Program Files\Java\jdk1.8.0_201\jre\lib\ext\localedata.jar;C:\Program Files\Java\jdk1.8.0_201\jre\lib\ext\nashorn.jar;C:\Program Files\Java\jdk1.8.0_201\jre\lib\ext\sunec.jar;C:\Program Files\Java\jdk1.8.0_201\jre\lib\ext\sunjce_provider.jar;C:\Program Files\Java\jdk1.8.0_201\jre\lib\ext\sunmscapi.jar;C:\Program Files\Java\jdk1.8.0_201\jre\lib\ext\sunpkcs11.jar;C:\Program Files\Java\jdk1.8.0_201\jre\lib\ext\zipfs.jar;C:\Program Files\Java\jdk1.8.0_201\jre\lib\javaws.jar;C:\Program Files\Java\jdk1.8.0_201\jre\lib\jce.jar;C:\Program Files\Java\jdk1.8.0_201\jre\lib\jfr.jar;C:\Program Files\Java\jdk1.8.0_201\jre\lib\jfxswt.jar;C:\Program Files\Java\jdk1.8.0_201\jre\lib\jsse.jar;C:\Program Files\Java\jdk1.8.0_201\jre\lib\management-agent.jar;C:\Program Files\Java\jdk1.8.0_201\jre\lib\plugin.jar;C:\Program Files\Java\jdk1.8.0_201\jre\lib\resources.jar;C:\Program Files\Java\jdk1.8.0_201\jre\lib\rt.jar;E:\idea\excel_export_import_poi\target\classes;C:\Users\Lenovo\.m2\repository\org\springframework\boot\spring-boot-starter-web\2.1.7.RELEASE\spring-boot-starter-web-2.1.7.RELEASE.jar;C:\Users\Lenovo\.m2\repository\org\springframework\boot\spring-boot-starter\2.1.7.RELEASE\spring-boot-starter-2.1.7.RELEASE.jar;C:\Users\Lenovo\.m2\repository\org\springframework\boot\spring-boot\2.1.7.RELEASE\spring-boot-2.1.7.RELEASE.jar;C:\Users\Lenovo\.m2\repository\org\springframework\boot\spring-boot-autoconfigure\2.1.7.RELEASE\spring-boot-autoconfigure-2.1.7.RELEASE.jar;C:\Users\Lenovo\.m2\repository\org\springframework\boot\spring-boot-starter-logging\2.
Launcher Type: SUN_STANDARD

Environment Variables:
JAVA_HOME=C:\Program Files\Java\jdk1.8.0_201
JRE_HOME=C:\Program Files\Java\jre1.8.0_201
CLASSPATH=.;C:\Program Files\Java\jdk1.8.0_201\lib;C:\Program Files\Java\jdk1.8.0_201\lib\tools.jar
PATH=C:\Program Files (x86)\Common Files\Oracle\Java\javapath;C:\WINDOWS\system32;C:\WINDOWS;C:\WINDOWS\System32\Wbem;C:\WINDOWS\System32\WindowsPowerShell\v1.0\;C:\WINDOWS\System32\OpenSSH\;C:\Program Files (x86)\Windows Kits\8.1\Windows Performance Toolkit\;"C:\Program Files\Java\jdk1.8.0_201\bin;C:\Program Files\Java\jdk1.8.0_201\jre\bin";C:\Program Files\Java\jdk1.8.0_201\bin;C:\Program Files (x86)\Microsoft SQL Server\100\Tools\Binn\;C:\Program Files\Microsoft SQL Server\100\Tools\Binn\;C:\Program Files\Microsoft SQL Server\100\DTS\Binn\;C:\Users\Lenovo\AppData\Local\Android\Sdk\platform-tools;D:\subversion\bin;C:\Users\Lenovo\AppData\Local\Android\Sdk\platforms;D:\乌龟svn\bin;D:\git\Git\cmd;C:\Program Files\MySQL\MySQL Server 5.5\bin;D:\node.js\;D:\apache-maven-3.6.1\bin;D:\gradle-5.4.1\bin;D:\Anaconda;D:\Anaconda\Library\mingw-w64\bin;D:\Anaconda\Library\usr\bin;D:\Anaconda\Library\bin;D:\Anaconda\Scripts;C:\Users\Lenovo\AppData\Local\Programs\Python\Python37\Scripts\;C:\Users\Lenovo\AppData\Local\Programs\Python\Python37\;C:\Users\Lenovo\AppData\Local\Microsoft\WindowsApps;C:\Program Files\Bandizip\;D:\IntelliJ IDEA 2018.3.3\bin;;C:\Program Files\JetBrains\PyCharm 2018.3.3\bin;;D:\clion\CLion 2018.3.4\bin;;D:\webstrom\WebStorm 2019.1.2\bin;;C:\Users\Lenovo\AppData\Roaming\npm
USERNAME=Lenovo
OS=Windows_NT
PROCESSOR_IDENTIFIER=Intel64 Family 6 Model 142 Stepping 9, GenuineIntel



---------------  S Y S T E M  ---------------

OS: Windows 10.0 , 64 bit Build 17134 (10.0.17134.753)

CPU:total 4 (initial active 4) (2 cores per cpu, 2 threads per core) family 6 model 142 stepping 9, cmov, cx8, fxsr, mmx, sse, sse2, sse3, ssse3, sse4.1, sse4.2, popcnt, avx, avx2, aes, clmul, erms, 3dnowpref, lzcnt, ht, tsc, tscinvbit, bmi1, bmi2, adx

Memory: 4k page, physical 7800256k(2293952k free), swap 19858880k(10626944k free)

vm_info: Java HotSpot(TM) 64-Bit Server VM (25.201-b09) for windows-amd64 JRE (1.8.0_201-b09), built on Dec 15 2018 18:36:39 by "java_re" with MS VC++ 10.0 (VS2010)

time: Mon Aug 19 09:46:25 2019
timezone: 中国标准时间
elapsed time: 27 seconds (0d 0h 0m 27s)

